[debug] [2020-09-11T12:51:56.909Z] ----------------------------------------------------------------------
[debug] [2020-09-11T12:51:56.911Z] Command:       /home/marcos/.nvm/versions/node/v13.11.0/bin/node /home/marcos/.nvm/versions/node/v13.11.0/bin/firebase emulators:start
[debug] [2020-09-11T12:51:56.911Z] CLI Version:   8.4.1
[debug] [2020-09-11T12:51:56.911Z] Platform:      linux
[debug] [2020-09-11T12:51:56.911Z] Node Version:  v13.11.0
[debug] [2020-09-11T12:51:56.911Z] Time:          Fri Sep 11 2020 09:51:56 GMT-0300 (Brasilia Standard Time)
[debug] [2020-09-11T12:51:56.912Z] ----------------------------------------------------------------------
[debug] [2020-09-11T12:51:56.912Z] 
[debug] [2020-09-11T12:51:56.917Z] > command requires scopes: ["email","openid","https://www.googleapis.com/auth/cloudplatformprojects.readonly","https://www.googleapis.com/auth/firebase","https://www.googleapis.com/auth/cloud-platform"]
[debug] [2020-09-11T12:51:56.918Z] > authorizing via signed-in user
[info] i  emulators: Starting emulators: functions, firestore, hosting {"metadata":{"emulator":{"name":"hub"},"message":"Starting emulators: functions, firestore, hosting"}}
[debug] [2020-09-11T12:51:56.947Z] [hub] writing locator at /tmp/hub-valetech-5ea35.json
[warn] ⚠  Your requested "node" version "8" doesn't match your global version "13" {"metadata":{"emulator":{"name":"functions"},"message":"Your requested \"node\" version \"8\" doesn't match your global version \"13\""}}
[debug] [2020-09-11T12:51:56.977Z] Ignoring unsupported arg: projectId {"metadata":{"emulator":{"name":"firestore"},"message":"Ignoring unsupported arg: projectId"}}
[debug] [2020-09-11T12:51:56.978Z] Ignoring unsupported arg: auto_download {"metadata":{"emulator":{"name":"firestore"},"message":"Ignoring unsupported arg: auto_download"}}
[debug] [2020-09-11T12:51:56.978Z] Starting Firestore Emulator with command {"binary":"java","args":["-Duser.language=en","-jar","/home/marcos/.cache/firebase/emulators/cloud-firestore-emulator-v1.11.4.jar","--host","localhost","--port",8080,"--rules","/home/marcos/talent-fest/vale-tech/service/firestore.rules","--functions_emulator","localhost:5001"],"optionalArgs":["port","webchannel_port","host","rules","functions_emulator","seed_from_export"],"joinArgs":false} {"metadata":{"emulator":{"name":"firestore"},"message":"Starting Firestore Emulator with command {\"binary\":\"java\",\"args\":[\"-Duser.language=en\",\"-jar\",\"/home/marcos/.cache/firebase/emulators/cloud-firestore-emulator-v1.11.4.jar\",\"--host\",\"localhost\",\"--port\",8080,\"--rules\",\"/home/marcos/talent-fest/vale-tech/service/firestore.rules\",\"--functions_emulator\",\"localhost:5001\"],\"optionalArgs\":[\"port\",\"webchannel_port\",\"host\",\"rules\",\"functions_emulator\",\"seed_from_export\"],\"joinArgs\":false}"}}
[info] i  firestore: Firestore Emulator logging to firestore-debug.log {"metadata":{"emulator":{"name":"firestore"},"message":"Firestore Emulator logging to \u001b[1mfirestore-debug.log\u001b[22m"}}
[debug] [2020-09-11T12:51:58.302Z] API endpoint: http://localhost: {"metadata":{"emulator":{"name":"firestore"},"message":"API endpoint: http://localhost:"}}
[debug] [2020-09-11T12:51:58.302Z] 8080
If you are using a library that supports the FIRESTORE_EMULATOR_HOST environment variable, run:

   export FIRESTORE_EMULATOR_HOST=localhost:8080

Dev App Server is now running.

 {"metadata":{"emulator":{"name":"firestore"},"message":"8080\nIf you are using a library that supports the FIRESTORE_EMULATOR_HOST environment variable, run:\n\n   export FIRESTORE_EMULATOR_HOST=localhost:8080\n\nDev App Server is now running.\n\n"}}
[debug] [2020-09-11T12:51:58.506Z] > refreshing access token with scopes: ["email","https://www.googleapis.com/auth/cloud-platform","https://www.googleapis.com/auth/cloudplatformprojects.readonly","https://www.googleapis.com/auth/firebase","openid"]
[debug] [2020-09-11T12:51:58.507Z] >>> HTTP REQUEST POST https://www.googleapis.com/oauth2/v3/token  
 <request body omitted>
[debug] [2020-09-11T12:51:58.745Z] <<< HTTP RESPONSE 200 {"content-type":"application/json; charset=utf-8","vary":"X-Origin, Referer, Origin,Accept-Encoding","date":"Fri, 11 Sep 2020 12:51:58 GMT","server":"scaffolding on HTTPServer2","cache-control":"private","x-xss-protection":"0","x-frame-options":"SAMEORIGIN","x-content-type-options":"nosniff","alt-svc":"h3-29=\":443\"; ma=2592000,h3-27=\":443\"; ma=2592000,h3-T051=\":443\"; ma=2592000,h3-T050=\":443\"; ma=2592000,h3-Q050=\":443\"; ma=2592000,h3-Q046=\":443\"; ma=2592000,h3-Q043=\":443\"; ma=2592000,quic=\":443\"; ma=2592000; v=\"46,43\"","accept-ranges":"none","transfer-encoding":"chunked"}
[debug] [2020-09-11T12:51:58.756Z] >>> HTTP REQUEST GET https://firebase.googleapis.com/v1beta1/projects/valetech-5ea35/webApps/-/config  
 
[debug] [2020-09-11T12:51:59.506Z] <<< HTTP RESPONSE 200 {"content-type":"application/json; charset=UTF-8","vary":"X-Origin, Referer, Origin,Accept-Encoding","date":"Fri, 11 Sep 2020 12:51:59 GMT","server":"ESF","cache-control":"private","x-xss-protection":"0","x-frame-options":"SAMEORIGIN","x-content-type-options":"nosniff","alt-svc":"h3-29=\":443\"; ma=2592000,h3-27=\":443\"; ma=2592000,h3-T051=\":443\"; ma=2592000,h3-T050=\":443\"; ma=2592000,h3-Q050=\":443\"; ma=2592000,h3-Q046=\":443\"; ma=2592000,h3-Q043=\":443\"; ma=2592000,quic=\":443\"; ma=2592000; v=\"46,43\"","accept-ranges":"none","transfer-encoding":"chunked"}
[info] i  hosting: Serving hosting files from: public {"metadata":{"emulator":{"name":"hosting"},"message":"Serving hosting files from: \u001b[1mpublic\u001b[22m"}}
[info] ✔  hosting: Local server: http://localhost:5000 {"metadata":{"emulator":{"name":"hosting"},"message":"Local server: \u001b[4m\u001b[1mhttp://localhost:5000\u001b[22m\u001b[24m"}}
[debug] [2020-09-11T12:51:59.552Z] Ignoring unsupported arg: auto_download {"metadata":{"emulator":{"name":"ui"},"message":"Ignoring unsupported arg: auto_download"}}
[debug] [2020-09-11T12:51:59.552Z] Ignoring unsupported arg: port {"metadata":{"emulator":{"name":"ui"},"message":"Ignoring unsupported arg: port"}}
[debug] [2020-09-11T12:51:59.552Z] Starting Emulator UI with command {"binary":"node","args":["/home/marcos/.cache/firebase/emulators/ui-v1.0.0/server.bundle.js"],"optionalArgs":[],"joinArgs":false} {"metadata":{"emulator":{"name":"ui"},"message":"Starting Emulator UI with command {\"binary\":\"node\",\"args\":[\"/home/marcos/.cache/firebase/emulators/ui-v1.0.0/server.bundle.js\"],\"optionalArgs\":[],\"joinArgs\":false}"}}
[info] i  ui: Emulator UI logging to ui-debug.log {"metadata":{"emulator":{"name":"ui"},"message":"Emulator UI logging to \u001b[1mui-debug.log\u001b[22m"}}
[debug] [2020-09-11T12:51:59.630Z] Web / API server started at http://localhost:4000
 {"metadata":{"emulator":{"name":"ui"},"message":"Web / API server started at http://localhost:4000\n"}}
[info] i  functions: Watching "/home/marcos/talent-fest/vale-tech/service/functions" for Cloud Functions... {"metadata":{"emulator":{"name":"functions"},"message":"Watching \"/home/marcos/talent-fest/vale-tech/service/functions\" for Cloud Functions..."}}
[debug] [2020-09-11T12:51:59.836Z] [worker-pool] addWorker(~diagnostic~) {"metadata":{"emulator":{"name":"functions"},"message":"[worker-pool] addWorker(~diagnostic~)"}}
[debug] [2020-09-11T12:51:59.837Z] [worker-pool] Adding worker with key ~diagnostic~, total=1 {"metadata":{"emulator":{"name":"functions"},"message":"[worker-pool] Adding worker with key ~diagnostic~, total=1"}}
[debug] [2020-09-11T12:51:59.837Z] [worker-pool] submitWork(triggerId=) {"metadata":{"emulator":{"name":"functions"},"message":"[worker-pool] submitWork(triggerId=)"}}
[debug] [2020-09-11T12:51:59.839Z] [worker-~diagnostic~-8e54a942-ff86-4285-ad8e-ec5dd7cf00d8]: Assigning socketPath: /tmp/fire_emu_20225.sock {"metadata":{"emulator":{"name":"functions"},"message":"[worker-~diagnostic~-8e54a942-ff86-4285-ad8e-ec5dd7cf00d8]: Assigning socketPath: /tmp/fire_emu_20225.sock"}}
[debug] [2020-09-11T12:51:59.839Z] [worker-~diagnostic~-8e54a942-ff86-4285-ad8e-ec5dd7cf00d8]: BUSY {"metadata":{"emulator":{"name":"functions"},"message":"[worker-~diagnostic~-8e54a942-ff86-4285-ad8e-ec5dd7cf00d8]: BUSY"}}
[debug] [2020-09-11T12:52:00.053Z] [runtime-status] [20225] Functions runtime initialized. {"cwd":"/home/marcos/talent-fest/vale-tech/service/functions","node_version":"13.11.0"} {"metadata":{"emulator":{"name":"functions"},"message":"[runtime-status] [20225] Functions runtime initialized. {\"cwd\":\"/home/marcos/talent-fest/vale-tech/service/functions\",\"node_version\":\"13.11.0\"}"}}
[debug] [2020-09-11T12:52:00.054Z] [runtime-status] [20225] Disabled runtime features: undefined {"metadata":{"emulator":{"name":"functions"},"message":"[runtime-status] [20225] Disabled runtime features: undefined"}}
[debug] [2020-09-11T12:52:00.056Z] [runtime-status] [20225] Resolved module firebase-admin {"declared":true,"installed":true,"version":"8.13.0","resolution":"/home/marcos/talent-fest/vale-tech/service/functions/node_modules/firebase-admin/lib/index.js"} {"metadata":{"emulator":{"name":"functions"},"message":"[runtime-status] [20225] Resolved module firebase-admin {\"declared\":true,\"installed\":true,\"version\":\"8.13.0\",\"resolution\":\"/home/marcos/talent-fest/vale-tech/service/functions/node_modules/firebase-admin/lib/index.js\"}"}}
[debug] [2020-09-11T12:52:00.058Z] [runtime-status] [20225] Resolved module firebase-functions {"declared":true,"installed":true,"version":"3.11.0","resolution":"/home/marcos/talent-fest/vale-tech/service/functions/node_modules/firebase-functions/lib/index.js"} {"metadata":{"emulator":{"name":"functions"},"message":"[runtime-status] [20225] Resolved module firebase-functions {\"declared\":true,\"installed\":true,\"version\":\"3.11.0\",\"resolution\":\"/home/marcos/talent-fest/vale-tech/service/functions/node_modules/firebase-functions/lib/index.js\"}"}}
[debug] [2020-09-11T12:52:00.060Z] [runtime-status] [20225] Outgoing network have been stubbed. [{"name":"http","status":"mocked"},{"name":"http","status":"mocked"},{"name":"https","status":"mocked"},{"name":"https","status":"mocked"},{"name":"net","status":"mocked"}] {"metadata":{"emulator":{"name":"functions"},"message":"[runtime-status] [20225] Outgoing network have been stubbed. [{\"name\":\"http\",\"status\":\"mocked\"},{\"name\":\"http\",\"status\":\"mocked\"},{\"name\":\"https\",\"status\":\"mocked\"},{\"name\":\"https\",\"status\":\"mocked\"},{\"name\":\"net\",\"status\":\"mocked\"}]"}}
[debug] [2020-09-11T12:52:00.062Z] [runtime-status] [20225] Resolved module firebase-functions {"declared":true,"installed":true,"version":"3.11.0","resolution":"/home/marcos/talent-fest/vale-tech/service/functions/node_modules/firebase-functions/lib/index.js"} {"metadata":{"emulator":{"name":"functions"},"message":"[runtime-status] [20225] Resolved module firebase-functions {\"declared\":true,\"installed\":true,\"version\":\"3.11.0\",\"resolution\":\"/home/marcos/talent-fest/vale-tech/service/functions/node_modules/firebase-functions/lib/index.js\"}"}}
[debug] [2020-09-11T12:52:00.111Z] [runtime-status] [20225] Checked functions.config() {"config":{}} {"metadata":{"emulator":{"name":"functions"},"message":"[runtime-status] [20225] Checked functions.config() {\"config\":{}}"}}
[debug] [2020-09-11T12:52:00.111Z] [runtime-status] [20225] firebase-functions has been stubbed. {"functionsResolution":{"declared":true,"installed":true,"version":"3.11.0","resolution":"/home/marcos/talent-fest/vale-tech/service/functions/node_modules/firebase-functions/lib/index.js"}} {"metadata":{"emulator":{"name":"functions"},"message":"[runtime-status] [20225] firebase-functions has been stubbed. {\"functionsResolution\":{\"declared\":true,\"installed\":true,\"version\":\"3.11.0\",\"resolution\":\"/home/marcos/talent-fest/vale-tech/service/functions/node_modules/firebase-functions/lib/index.js\"}}"}}
[debug] [2020-09-11T12:52:00.112Z] [runtime-status] [20225] Resolved module firebase-functions {"declared":true,"installed":true,"version":"3.11.0","resolution":"/home/marcos/talent-fest/vale-tech/service/functions/node_modules/firebase-functions/lib/index.js"} {"metadata":{"emulator":{"name":"functions"},"message":"[runtime-status] [20225] Resolved module firebase-functions {\"declared\":true,\"installed\":true,\"version\":\"3.11.0\",\"resolution\":\"/home/marcos/talent-fest/vale-tech/service/functions/node_modules/firebase-functions/lib/index.js\"}"}}
[debug] [2020-09-11T12:52:00.113Z] [runtime-status] [20225] Resolved module firebase-admin {"declared":true,"installed":true,"version":"8.13.0","resolution":"/home/marcos/talent-fest/vale-tech/service/functions/node_modules/firebase-admin/lib/index.js"} {"metadata":{"emulator":{"name":"functions"},"message":"[runtime-status] [20225] Resolved module firebase-admin {\"declared\":true,\"installed\":true,\"version\":\"8.13.0\",\"resolution\":\"/home/marcos/talent-fest/vale-tech/service/functions/node_modules/firebase-admin/lib/index.js\"}"}}
[debug] [2020-09-11T12:52:00.113Z] [runtime-status] [20225] Resolved module firebase-functions {"declared":true,"installed":true,"version":"3.11.0","resolution":"/home/marcos/talent-fest/vale-tech/service/functions/node_modules/firebase-functions/lib/index.js"} {"metadata":{"emulator":{"name":"functions"},"message":"[runtime-status] [20225] Resolved module firebase-functions {\"declared\":true,\"installed\":true,\"version\":\"3.11.0\",\"resolution\":\"/home/marcos/talent-fest/vale-tech/service/functions/node_modules/firebase-functions/lib/index.js\"}"}}
[debug] [2020-09-11T12:52:00.113Z] [runtime-status] [20225] firebase-admin has been stubbed. {"adminResolution":{"declared":true,"installed":true,"version":"8.13.0","resolution":"/home/marcos/talent-fest/vale-tech/service/functions/node_modules/firebase-admin/lib/index.js"}} {"metadata":{"emulator":{"name":"functions"},"message":"[runtime-status] [20225] firebase-admin has been stubbed. {\"adminResolution\":{\"declared\":true,\"installed\":true,\"version\":\"8.13.0\",\"resolution\":\"/home/marcos/talent-fest/vale-tech/service/functions/node_modules/firebase-admin/lib/index.js\"}}"}}
[warn] ⚠  It looks like you're trying to access functions.config().firebase but there is no value there. You can learn more about setting up config here: https://firebase.google.com/docs/functions/local-emulator {"metadata":{"emulator":{"name":"functions"},"message":"It looks like you're trying to access functions.config().firebase but there is no value there. You can learn more about setting up config here: https://firebase.google.com/docs/functions/local-emulator"}}
[debug] [2020-09-11T12:52:00.255Z] [runtime-status] [20225] initializeApp(DEFAULT) {"databaseURL":"https://valetech-5ea35.firebaseio.com","storageBucket":"valetech-5ea35.appspot.com","projectId":"valetech-5ea35"} {"metadata":{"emulator":{"name":"functions"},"message":"[runtime-status] [20225] initializeApp(DEFAULT) {\"databaseURL\":\"https://valetech-5ea35.firebaseio.com\",\"storageBucket\":\"valetech-5ea35.appspot.com\",\"projectId\":\"valetech-5ea35\"}"}}
[info] ✔  functions[api]: http function initialized (http://localhost:5001/valetech-5ea35/us-central1/api). {"metadata":{"emulator":{"name":"functions"},"message":"\u001b[1mhttp\u001b[22m function initialized (http://localhost:5001/valetech-5ea35/us-central1/api)."}}
[info] 
┌───────────────────────────────────────────────────────────────────────┐
│ ✔  All emulators ready! View status and logs at http://localhost:4000 │
└───────────────────────────────────────────────────────────────────────┘

┌───────────┬────────────────┬─────────────────────────────────┐
│ Emulator  │ Host:Port      │ View in Emulator UI             │
├───────────┼────────────────┼─────────────────────────────────┤
│ Functions │ localhost:5001 │ http://localhost:4000/functions │
├───────────┼────────────────┼─────────────────────────────────┤
│ Firestore │ localhost:8080 │ http://localhost:4000/firestore │
├───────────┼────────────────┼─────────────────────────────────┤
│ Hosting   │ localhost:5000 │ n/a                             │
└───────────┴────────────────┴─────────────────────────────────┘
  Other reserved ports: 4400, 4500

Issues? Report them at https://github.com/firebase/firebase-tools/issues and attach the *-debug.log files.
 
[debug] [2020-09-11T12:52:00.261Z] [worker-~diagnostic~-8e54a942-ff86-4285-ad8e-ec5dd7cf00d8]: IDLE {"metadata":{"emulator":{"name":"functions"},"message":"[worker-~diagnostic~-8e54a942-ff86-4285-ad8e-ec5dd7cf00d8]: IDLE"}}
[debug] [2020-09-11T12:53:08.196Z] [work-queue] {"queueLength":1,"workRunningCount":0}
[debug] [2020-09-11T12:53:08.197Z] [work-queue] {"queueLength":0,"workRunningCount":1}
[debug] [2020-09-11T12:53:08.197Z] Accepted request OPTIONS /valetech-5ea35/us-central1/api --> api
[debug] [2020-09-11T12:53:08.202Z] [worker-pool] addWorker(api) {"metadata":{"emulator":{"name":"functions"},"message":"[worker-pool] addWorker(api)"}}
[debug] [2020-09-11T12:53:08.203Z] [worker-pool] Adding worker with key api, total=1 {"metadata":{"emulator":{"name":"functions"},"message":"[worker-pool] Adding worker with key api, total=1"}}
[debug] [2020-09-11T12:53:08.203Z] [worker-pool] submitWork(triggerId=api) {"metadata":{"emulator":{"name":"functions"},"message":"[worker-pool] submitWork(triggerId=api)"}}
[debug] [2020-09-11T12:53:08.203Z] [worker-api-e9eade31-a031-4af8-bb47-6451eae0a5ca]: Assigning socketPath: /tmp/fire_emu_20636.sock {"metadata":{"emulator":{"name":"functions"},"message":"[worker-api-e9eade31-a031-4af8-bb47-6451eae0a5ca]: Assigning socketPath: /tmp/fire_emu_20636.sock"}}
[debug] [2020-09-11T12:53:08.203Z] [worker-api-e9eade31-a031-4af8-bb47-6451eae0a5ca]: BUSY {"metadata":{"emulator":{"name":"functions"},"message":"[worker-api-e9eade31-a031-4af8-bb47-6451eae0a5ca]: BUSY"}}
[debug] [2020-09-11T12:53:08.449Z] [runtime-status] [20636] Functions runtime initialized. {"cwd":"/home/marcos/talent-fest/vale-tech/service/functions","node_version":"13.11.0"} {"metadata":{"emulator":{"name":"functions"},"function":{"name":"api"},"message":"[runtime-status] [20636] Functions runtime initialized. {\"cwd\":\"/home/marcos/talent-fest/vale-tech/service/functions\",\"node_version\":\"13.11.0\"}"}}
[debug] [2020-09-11T12:53:08.459Z] [runtime-status] [20636] Disabled runtime features: undefined {"metadata":{"emulator":{"name":"functions"},"function":{"name":"api"},"message":"[runtime-status] [20636] Disabled runtime features: undefined"}}
[debug] [2020-09-11T12:53:08.464Z] [runtime-status] [20636] Resolved module firebase-admin {"declared":true,"installed":true,"version":"8.13.0","resolution":"/home/marcos/talent-fest/vale-tech/service/functions/node_modules/firebase-admin/lib/index.js"} {"metadata":{"emulator":{"name":"functions"},"function":{"name":"api"},"message":"[runtime-status] [20636] Resolved module firebase-admin {\"declared\":true,\"installed\":true,\"version\":\"8.13.0\",\"resolution\":\"/home/marcos/talent-fest/vale-tech/service/functions/node_modules/firebase-admin/lib/index.js\"}"}}
[debug] [2020-09-11T12:53:08.465Z] [runtime-status] [20636] Resolved module firebase-functions {"declared":true,"installed":true,"version":"3.11.0","resolution":"/home/marcos/talent-fest/vale-tech/service/functions/node_modules/firebase-functions/lib/index.js"} {"metadata":{"emulator":{"name":"functions"},"function":{"name":"api"},"message":"[runtime-status] [20636] Resolved module firebase-functions {\"declared\":true,\"installed\":true,\"version\":\"3.11.0\",\"resolution\":\"/home/marcos/talent-fest/vale-tech/service/functions/node_modules/firebase-functions/lib/index.js\"}"}}
[debug] [2020-09-11T12:53:08.467Z] [runtime-status] [20636] Outgoing network have been stubbed. [{"name":"http","status":"mocked"},{"name":"http","status":"mocked"},{"name":"https","status":"mocked"},{"name":"https","status":"mocked"},{"name":"net","status":"mocked"}] {"metadata":{"emulator":{"name":"functions"},"function":{"name":"api"},"message":"[runtime-status] [20636] Outgoing network have been stubbed. [{\"name\":\"http\",\"status\":\"mocked\"},{\"name\":\"http\",\"status\":\"mocked\"},{\"name\":\"https\",\"status\":\"mocked\"},{\"name\":\"https\",\"status\":\"mocked\"},{\"name\":\"net\",\"status\":\"mocked\"}]"}}
[debug] [2020-09-11T12:53:08.468Z] [runtime-status] [20636] Resolved module firebase-functions {"declared":true,"installed":true,"version":"3.11.0","resolution":"/home/marcos/talent-fest/vale-tech/service/functions/node_modules/firebase-functions/lib/index.js"} {"metadata":{"emulator":{"name":"functions"},"function":{"name":"api"},"message":"[runtime-status] [20636] Resolved module firebase-functions {\"declared\":true,\"installed\":true,\"version\":\"3.11.0\",\"resolution\":\"/home/marcos/talent-fest/vale-tech/service/functions/node_modules/firebase-functions/lib/index.js\"}"}}
[debug] [2020-09-11T12:53:08.492Z] [runtime-status] [20636] Checked functions.config() {"config":{}} {"metadata":{"emulator":{"name":"functions"},"function":{"name":"api"},"message":"[runtime-status] [20636] Checked functions.config() {\"config\":{}}"}}
[debug] [2020-09-11T12:53:08.492Z] [runtime-status] [20636] firebase-functions has been stubbed. {"functionsResolution":{"declared":true,"installed":true,"version":"3.11.0","resolution":"/home/marcos/talent-fest/vale-tech/service/functions/node_modules/firebase-functions/lib/index.js"}} {"metadata":{"emulator":{"name":"functions"},"function":{"name":"api"},"message":"[runtime-status] [20636] firebase-functions has been stubbed. {\"functionsResolution\":{\"declared\":true,\"installed\":true,\"version\":\"3.11.0\",\"resolution\":\"/home/marcos/talent-fest/vale-tech/service/functions/node_modules/firebase-functions/lib/index.js\"}}"}}
[debug] [2020-09-11T12:53:08.493Z] [runtime-status] [20636] Resolved module firebase-functions {"declared":true,"installed":true,"version":"3.11.0","resolution":"/home/marcos/talent-fest/vale-tech/service/functions/node_modules/firebase-functions/lib/index.js"} {"metadata":{"emulator":{"name":"functions"},"function":{"name":"api"},"message":"[runtime-status] [20636] Resolved module firebase-functions {\"declared\":true,\"installed\":true,\"version\":\"3.11.0\",\"resolution\":\"/home/marcos/talent-fest/vale-tech/service/functions/node_modules/firebase-functions/lib/index.js\"}"}}
[debug] [2020-09-11T12:53:08.494Z] [runtime-status] [20636] Resolved module firebase-admin {"declared":true,"installed":true,"version":"8.13.0","resolution":"/home/marcos/talent-fest/vale-tech/service/functions/node_modules/firebase-admin/lib/index.js"} {"metadata":{"emulator":{"name":"functions"},"function":{"name":"api"},"message":"[runtime-status] [20636] Resolved module firebase-admin {\"declared\":true,\"installed\":true,\"version\":\"8.13.0\",\"resolution\":\"/home/marcos/talent-fest/vale-tech/service/functions/node_modules/firebase-admin/lib/index.js\"}"}}
[debug] [2020-09-11T12:53:08.495Z] [runtime-status] [20636] Resolved module firebase-functions {"declared":true,"installed":true,"version":"3.11.0","resolution":"/home/marcos/talent-fest/vale-tech/service/functions/node_modules/firebase-functions/lib/index.js"} {"metadata":{"emulator":{"name":"functions"},"function":{"name":"api"},"message":"[runtime-status] [20636] Resolved module firebase-functions {\"declared\":true,\"installed\":true,\"version\":\"3.11.0\",\"resolution\":\"/home/marcos/talent-fest/vale-tech/service/functions/node_modules/firebase-functions/lib/index.js\"}"}}
[debug] [2020-09-11T12:53:08.495Z] [runtime-status] [20636] firebase-admin has been stubbed. {"adminResolution":{"declared":true,"installed":true,"version":"8.13.0","resolution":"/home/marcos/talent-fest/vale-tech/service/functions/node_modules/firebase-admin/lib/index.js"}} {"metadata":{"emulator":{"name":"functions"},"function":{"name":"api"},"message":"[runtime-status] [20636] firebase-admin has been stubbed. {\"adminResolution\":{\"declared\":true,\"installed\":true,\"version\":\"8.13.0\",\"resolution\":\"/home/marcos/talent-fest/vale-tech/service/functions/node_modules/firebase-admin/lib/index.js\"}}"}}
[debug] [2020-09-11T12:53:08.573Z] [runtime-status] [20636] initializeApp(DEFAULT) {"databaseURL":"https://valetech-5ea35.firebaseio.com","storageBucket":"valetech-5ea35.appspot.com","projectId":"valetech-5ea35"} {"metadata":{"emulator":{"name":"functions"},"function":{"name":"api"},"message":"[runtime-status] [20636] initializeApp(DEFAULT) {\"databaseURL\":\"https://valetech-5ea35.firebaseio.com\",\"storageBucket\":\"valetech-5ea35.appspot.com\",\"projectId\":\"valetech-5ea35\"}"}}
[debug] [2020-09-11T12:53:08.576Z] [runtime-status] [20636] Trigger "api" has been found, beginning invocation! {"metadata":{"emulator":{"name":"functions"},"function":{"name":"api"},"message":"[runtime-status] [20636] Trigger \"api\" has been found, beginning invocation!"}}
[info] i  functions: Beginning execution of "api" {"metadata":{"emulator":{"name":"functions"},"function":{"name":"api"},"message":"Beginning execution of \"api\""}}
[debug] [2020-09-11T12:53:08.577Z] [runtime-status] [20636] triggerDefinition {"httpsTrigger":{},"name":"api","entryPoint":"api"} {"metadata":{"emulator":{"name":"functions"},"function":{"name":"api"},"message":"[runtime-status] [20636] triggerDefinition {\"httpsTrigger\":{},\"name\":\"api\",\"entryPoint\":\"api\"}"}}
[debug] [2020-09-11T12:53:08.577Z] [runtime-status] [20636] Running api in mode HTTPS {"metadata":{"emulator":{"name":"functions"},"function":{"name":"api"},"message":"[runtime-status] [20636] Running api in mode HTTPS"}}
[debug] [2020-09-11T12:53:08.579Z] [runtime-status] [20636] Attempting to listen to socketPath: /tmp/fire_emu_20636.sock {"metadata":{"emulator":{"name":"functions"},"function":{"name":"api"},"message":"[runtime-status] [20636] Attempting to listen to socketPath: /tmp/fire_emu_20636.sock"}}
[debug] [2020-09-11T12:53:08.583Z] [functions] Runtime ready! Sending request! {"metadata":{"emulator":{"name":"functions"},"message":"[functions] Runtime ready! Sending request!"}}
[debug] [2020-09-11T12:53:08.589Z] [runtime-status] [20636] Ephemeral server handling OPTIONS request {"metadata":{"emulator":{"name":"functions"},"function":{"name":"api"},"message":"[runtime-status] [20636] Ephemeral server handling OPTIONS request"}}
[debug] [2020-09-11T12:53:08.593Z] [runtime-status] [20636] Ephemeral server survived. {"metadata":{"emulator":{"name":"functions"},"function":{"name":"api"},"message":"[runtime-status] [20636] Ephemeral server survived."}}
[info] i  functions: Finished "api" in ~1s {"metadata":{"emulator":{"name":"functions"},"function":{"name":"api"},"message":"Finished \"api\" in ~1s"}}
[debug] [2020-09-11T12:53:08.594Z] [worker-api-e9eade31-a031-4af8-bb47-6451eae0a5ca]: IDLE {"metadata":{"emulator":{"name":"functions"},"message":"[worker-api-e9eade31-a031-4af8-bb47-6451eae0a5ca]: IDLE"}}
[debug] [2020-09-11T12:53:08.594Z] [work-queue] {"queueLength":0,"workRunningCount":0}
[debug] [2020-09-11T12:53:08.598Z] [work-queue] {"queueLength":1,"workRunningCount":0}
[debug] [2020-09-11T12:53:08.599Z] [work-queue] {"queueLength":0,"workRunningCount":1}
[debug] [2020-09-11T12:53:08.599Z] Accepted request POST /valetech-5ea35/us-central1/api --> api
[debug] [2020-09-11T12:53:08.599Z] [worker-pool] submitWork(triggerId=api) {"metadata":{"emulator":{"name":"functions"},"message":"[worker-pool] submitWork(triggerId=api)"}}
[debug] [2020-09-11T12:53:08.599Z] [worker-api-e9eade31-a031-4af8-bb47-6451eae0a5ca]: Assigning socketPath: /tmp/fire_emu_20636.sock {"metadata":{"emulator":{"name":"functions"},"message":"[worker-api-e9eade31-a031-4af8-bb47-6451eae0a5ca]: Assigning socketPath: /tmp/fire_emu_20636.sock"}}
[debug] [2020-09-11T12:53:08.599Z] [worker-api-e9eade31-a031-4af8-bb47-6451eae0a5ca]: BUSY {"metadata":{"emulator":{"name":"functions"},"message":"[worker-api-e9eade31-a031-4af8-bb47-6451eae0a5ca]: BUSY"}}
[debug] [2020-09-11T12:53:08.604Z] [runtime-status] [20636] Trigger "api" has been found, beginning invocation! {"metadata":{"emulator":{"name":"functions"},"function":{"name":"api"},"message":"[runtime-status] [20636] Trigger \"api\" has been found, beginning invocation!"}}
[info] i  functions: Beginning execution of "api" {"metadata":{"emulator":{"name":"functions"},"function":{"name":"api"},"message":"Beginning execution of \"api\""}}
[debug] [2020-09-11T12:53:08.604Z] [runtime-status] [20636] triggerDefinition {"httpsTrigger":{},"name":"api","entryPoint":"api"} {"metadata":{"emulator":{"name":"functions"},"function":{"name":"api"},"message":"[runtime-status] [20636] triggerDefinition {\"httpsTrigger\":{},\"name\":\"api\",\"entryPoint\":\"api\"}"}}
[debug] [2020-09-11T12:53:08.604Z] [runtime-status] [20636] Running api in mode HTTPS {"metadata":{"emulator":{"name":"functions"},"function":{"name":"api"},"message":"[runtime-status] [20636] Running api in mode HTTPS"}}
[debug] [2020-09-11T12:53:08.605Z] [runtime-status] [20636] Attempting to listen to socketPath: /tmp/fire_emu_20636.sock {"metadata":{"emulator":{"name":"functions"},"function":{"name":"api"},"message":"[runtime-status] [20636] Attempting to listen to socketPath: /tmp/fire_emu_20636.sock"}}
[debug] [2020-09-11T12:53:08.605Z] [functions] Runtime ready! Sending request! {"metadata":{"emulator":{"name":"functions"},"message":"[functions] Runtime ready! Sending request!"}}
[debug] [2020-09-11T12:53:08.623Z] [runtime-status] [20636] Ephemeral server handling POST request {"metadata":{"emulator":{"name":"functions"},"function":{"name":"api"},"message":"[runtime-status] [20636] Ephemeral server handling POST request"}}
[debug] [2020-09-11T12:53:08.627Z] [runtime-status] [20636] Ephemeral server survived. {"metadata":{"emulator":{"name":"functions"},"function":{"name":"api"},"message":"[runtime-status] [20636] Ephemeral server survived."}}
[warn] ⚠  External network resource requested!
   - URL: "https://hublaboratoria1:hublaboratoria1@qacst-ppi.hubprepaid.com.br/partner-interface-oauth2/oauth/token"
 - Be careful, this may be a production service. {"metadata":{"emulator":{"name":"functions"},"function":{"name":"api"},"message":"External network resource requested!\n   - URL: \"https://hublaboratoria1:hublaboratoria1@qacst-ppi.hubprepaid.com.br/partner-interface-oauth2/oauth/token\"\n - Be careful, this may be a production service."}}
[info] i  functions: Finished "api" in ~1s {"metadata":{"emulator":{"name":"functions"},"function":{"name":"api"},"message":"Finished \"api\" in ~1s"}}
[debug] [2020-09-11T12:53:09.617Z] [worker-api-e9eade31-a031-4af8-bb47-6451eae0a5ca]: IDLE {"metadata":{"emulator":{"name":"functions"},"message":"[worker-api-e9eade31-a031-4af8-bb47-6451eae0a5ca]: IDLE"}}
[debug] [2020-09-11T12:53:09.617Z] [work-queue] {"queueLength":0,"workRunningCount":0}
